Using pre-set license
Built from '2020.3/staging' branch; Version is '2020.3.25f1 (9b9180224418) revision 10195328'; Using compiler version '192528614'; Build Type 'Release'
OS: 'Windows 10  (10.0.19043) 64bit Professional' Language: 'pt' Physical Memory: 8097 MB
BatchMode: 1, IsHumanControllingUs: 0, StartBugReporterOnCrash: 0, Is64bit: 1, IsPro: 0

COMMAND LINE ARGUMENTS:
C:\Program Files\Unity\Hub\Editor\2020.3.25f1\Editor\Unity.exe
-adb2
-batchMode
-noUpm
-name
AssetImportWorker2
-projectPath
C:/Users/luiz pismel/Documents/UnityProjects/Interview_Test_Little_Sim_World
-logFile
Logs/AssetImportWorker2.log
-srvPort
33359
Successfully changed project path to: C:/Users/luiz pismel/Documents/UnityProjects/Interview_Test_Little_Sim_World
C:/Users/luiz pismel/Documents/UnityProjects/Interview_Test_Little_Sim_World
Using Asset Import Pipeline V2.
Refreshing native plugins compatible for Editor in 329.78 ms, found 5 plugins.
Preloading 0 native plugins for Editor in 0.00 ms.
Initialize engine version: 2020.3.25f1 (9b9180224418)
[Subsystems] Discovering subsystems at path C:/Program Files/Unity/Hub/Editor/2020.3.25f1/Editor/Data/Resources/UnitySubsystems
[Subsystems] Discovering subsystems at path C:/Users/luiz pismel/Documents/UnityProjects/Interview_Test_Little_Sim_World/Assets
GfxDevice: creating device client; threaded=0
